2014-03-07 15:48:02.658695 I 7202:400361280 network_module.cpp:134 模块名为
2014-03-07 15:48:02.658890 I 7202:400361280 network_module.cpp:135 最大连接数为100
2014-03-07 15:48:02.658911 I 7202:400361280 network_module.cpp:136 最大被连接数为50
2014-03-07 15:48:02.658927 I 7202:400361280 network_module.cpp:137 本地监听端口为60000
2014-03-07 15:48:02.659531 I 7202:400361280 network_module.cpp:31 获取到本机IP数量1个
2014-03-07 15:48:02.659585 I 7202:400361280 network_module.cpp:36 第1个IP地址为:192.168.1.101
2014-03-07 15:48:02.659681 E 7202:400361280 network_module.cpp:44 启动网络引擎失败
2014-03-07 15:48:03.802815 I 7203:-889960640 network_module.cpp:134 模块名为
2014-03-07 15:48:03.803002 I 7203:-889960640 network_module.cpp:135 最大连接数为100
2014-03-07 15:48:03.803022 I 7203:-889960640 network_module.cpp:136 最大被连接数为50
2014-03-07 15:48:03.803038 I 7203:-889960640 network_module.cpp:137 本地监听端口为60000
2014-03-07 15:48:03.803632 I 7203:-889960640 network_module.cpp:31 获取到本机IP数量1个
2014-03-07 15:48:03.803685 I 7203:-889960640 network_module.cpp:36 第1个IP地址为:192.168.1.101
2014-03-07 15:48:03.803778 E 7203:-889960640 network_module.cpp:44 启动网络引擎失败
2014-03-07 15:48:19.778480 I 7204:-1121794240 network_module.cpp:134 模块名为
2014-03-07 15:48:19.778673 I 7204:-1121794240 network_module.cpp:135 最大连接数为100
2014-03-07 15:48:19.778693 I 7204:-1121794240 network_module.cpp:136 最大被连接数为50
2014-03-07 15:48:19.778708 I 7204:-1121794240 network_module.cpp:137 本地监听端口为60000
2014-03-07 15:48:19.779301 I 7204:-1121794240 network_module.cpp:31 获取到本机IP数量1个
2014-03-07 15:48:19.779353 I 7204:-1121794240 network_module.cpp:36 第1个IP地址为:192.168.1.101
2014-03-07 15:48:19.791112 I 7204:-1121794240 network_module.cpp:51 启动网络引擎成功，监控地址为127.0.0.1
2014-03-07 15:48:19.791336 I 7204:-1121794240 network_module.cpp:53 开始载入打孔插件
2014-03-07 15:48:19.791376 I 7204:-1121794240 network_module.cpp:184 打孔插件加载完毕
2014-03-07 15:48:19.791415 I 7204:-1121794240 network_module.cpp:62 尝试连接服务器IP地址为115.28.151.38,端口为61111
2014-03-07 15:48:20.791531 I 7204:-1121794240 network_module.cpp:115 0已经连接
2014-03-07 15:48:20.791631 D 7204:-1121794240 network_module.cpp:129 接受消息，消息标志为18
2014-03-07 15:48:21.791805 I 7204:-1121794240 network_module.cpp:115 0已经连接
2014-03-07 15:48:22.792051 I 7204:-1121794240 network_module.cpp:115 0已经连接
2014-03-07 15:48:23.792296 I 7204:-1121794240 network_module.cpp:115 0已经连接
2014-03-07 15:48:24.792500 I 7204:-1121794240 network_module.cpp:115 0已经连接
2014-03-07 15:48:25.792711 I 7204:-1121794240 network_module.cpp:115 0已经连接
2014-03-07 15:48:26.792971 I 7204:-1121794240 network_module.cpp:115 0已经连接
2014-03-07 15:48:27.793229 I 7204:-1121794240 network_module.cpp:115 0已经连接
2014-03-07 15:48:28.793487 I 7204:-1121794240 network_module.cpp:115 0已经连接
2014-03-07 15:48:29.793744 I 7204:-1121794240 network_module.cpp:115 0已经连接
2014-03-07 15:48:30.793995 I 7204:-1121794240 network_module.cpp:115 0已经连接
2014-03-07 15:48:31.794258 I 7204:-1121794240 network_module.cpp:115 0已经连接
2014-03-07 15:48:32.794449 I 7204:-1121794240 network_module.cpp:115 0已经连接
2014-03-07 15:48:33.794705 I 7204:-1121794240 network_module.cpp:115 0已经连接
2014-03-07 15:48:34.794973 I 7204:-1121794240 network_module.cpp:115 0已经连接
2014-03-07 15:48:35.795230 I 7204:-1121794240 network_module.cpp:115 0已经连接
2014-03-07 15:48:36.795449 I 7204:-1121794240 network_module.cpp:115 0已经连接
2014-03-07 15:48:37.795682 I 7204:-1121794240 network_module.cpp:115 0已经连接
2014-03-07 19:37:16.438531 I 20742:36308800 network_module.cpp:144 模块名为
2014-03-07 19:37:16.438931 I 20742:36308800 network_module.cpp:145 最大连接数为100
2014-03-07 19:37:16.438953 I 20742:36308800 network_module.cpp:146 最大被连接数为50
2014-03-07 19:37:16.438992 I 20742:36308800 network_module.cpp:147 本地监听端口为60000
2014-03-07 19:37:16.439629 I 20742:36308800 network_module.cpp:32 获取到本机IP数量1个
2014-03-07 19:37:16.439681 I 20742:36308800 network_module.cpp:37 第1个IP地址为:192.168.1.101
2014-03-07 19:37:16.451375 I 20742:36308800 network_module.cpp:52 启动网络引擎成功，监控地址为127.0.0.1
2014-03-07 19:37:16.461589 I 20742:36308800 network_module.cpp:54 开始载入打孔插件
2014-03-07 19:37:16.461647 I 20742:36308800 network_module.cpp:194 打孔插件加载完毕
2014-03-07 19:37:16.461686 I 20742:36308800 network_module.cpp:63 尝试连接服务器IP地址为115.28.151.38,端口为61111
2014-03-07 19:37:17.461895 I 20742:36308800 network_module.cpp:116 1已经连接
2014-03-07 19:37:17.462152 D 20742:36308800 network_module.cpp:134 接受消息，消息标志为ID_CONNECTION_REQUEST_ACCEPTED
2014-03-07 19:37:18.462361 I 20742:36308800 network_module.cpp:116 1已经连接
2014-03-07 19:37:19.462629 I 20742:36308800 network_module.cpp:116 1已经连接
2014-03-07 19:37:20.462825 I 20742:36308800 network_module.cpp:116 1已经连接
2014-03-07 19:37:21.463021 I 20742:36308800 network_module.cpp:116 1已经连接
2014-03-07 19:37:22.463203 I 20742:36308800 network_module.cpp:116 1已经连接
2014-03-07 19:37:23.463404 I 20742:36308800 network_module.cpp:116 1已经连接
2014-03-07 19:38:01.317618 I 20827:-1806731456 network_module.cpp:144 模块名为
2014-03-07 19:38:01.317853 I 20827:-1806731456 network_module.cpp:145 最大连接数为100
2014-03-07 19:38:01.317875 I 20827:-1806731456 network_module.cpp:146 最大被连接数为50
2014-03-07 19:38:01.317892 I 20827:-1806731456 network_module.cpp:147 本地监听端口为60000
2014-03-07 19:38:01.318482 I 20827:-1806731456 network_module.cpp:32 获取到本机IP数量1个
2014-03-07 19:38:01.318535 I 20827:-1806731456 network_module.cpp:37 第1个IP地址为:192.168.1.101
2014-03-07 19:38:01.330257 I 20827:-1806731456 network_module.cpp:52 启动网络引擎成功，监控地址为127.0.0.1
2014-03-07 19:38:01.340476 I 20827:-1806731456 network_module.cpp:54 开始载入打孔插件
2014-03-07 19:38:01.340522 I 20827:-1806731456 network_module.cpp:194 打孔插件加载完毕
2014-03-07 19:38:01.340561 I 20827:-1806731456 network_module.cpp:63 尝试连接服务器IP地址为115.28.151.38,端口为61111
2014-03-07 19:38:02.340730 I 20827:-1806731456 network_module.cpp:116 1已经连接
2014-03-07 19:38:02.340992 D 20827:-1806731456 network_module.cpp:134 接受消息，消息标志为ID_CONNECTION_REQUEST_ACCEPTED
2014-03-07 19:38:03.341175 I 20827:-1806731456 network_module.cpp:116 1已经连接
2014-03-07 19:38:04.341473 I 20827:-1806731456 network_module.cpp:116 1已经连接
2014-03-07 19:38:05.341747 I 20827:-1806731456 network_module.cpp:116 1已经连接
2014-03-07 19:38:06.342027 I 20827:-1806731456 network_module.cpp:116 1已经连接
2014-03-07 19:38:06.342130 I 20827:-1806731456 network_module.cpp:207 打孔代理已停止
2014-03-07 19:41:12.108625 I 21239:67366976 network_module.cpp:144 模块名为
2014-03-07 19:41:12.197992 I 21239:67366976 network_module.cpp:145 最大连接数为100
2014-03-07 19:41:12.205968 I 21239:67366976 network_module.cpp:146 最大被连接数为50
2014-03-07 19:41:12.208740 I 21239:67366976 network_module.cpp:147 本地监听端口为60000
2014-03-07 19:41:12.304256 I 21239:67366976 network_module.cpp:32 获取到本机IP数量1个
2014-03-07 19:41:12.314907 I 21239:67366976 network_module.cpp:37 第1个IP地址为:192.168.1.101
2014-03-07 19:41:12.428826 I 21239:67366976 network_module.cpp:52 启动网络引擎成功，监控地址为127.0.0.1
2014-03-07 19:41:12.486003 I 21239:67366976 network_module.cpp:54 开始载入打孔插件
2014-03-07 19:41:12.509201 I 21239:67366976 network_module.cpp:194 打孔插件加载完毕
2014-03-07 19:41:12.533967 I 21239:67366976 network_module.cpp:63 尝试连接服务器IP地址为115.28.151.38,端口为61111
2014-03-07 19:41:13.563189 I 21239:67366976 network_module.cpp:116 1已经连接
2014-03-07 19:41:13.596387 D 21239:67366976 network_module.cpp:134 接受消息，消息标志为ID_CONNECTION_REQUEST_ACCEPTED
2014-03-07 19:41:14.600593 I 21239:67366976 network_module.cpp:116 1已经连接
2014-03-07 19:41:15.601662 I 21239:67366976 network_module.cpp:116 1已经连接
2014-03-07 19:41:16.602719 I 21239:67366976 network_module.cpp:116 1已经连接
2014-03-07 19:41:17.603736 I 21239:67366976 network_module.cpp:116 1已经连接
2014-03-07 19:41:17.619643 I 21239:67366976 network_module.cpp:207 打孔代理已停止
2014-03-07 19:41:57.579065 I 21246:67366976 network_module.cpp:144 模块名为
2014-03-07 19:41:57.672335 I 21246:67366976 network_module.cpp:145 最大连接数为100
2014-03-07 19:41:57.675934 I 21246:67366976 network_module.cpp:146 最大被连接数为50
2014-03-07 19:41:57.678686 I 21246:67366976 network_module.cpp:147 本地监听端口为60000
2014-03-07 19:41:57.773940 I 21246:67366976 network_module.cpp:32 获取到本机IP数量1个
2014-03-07 19:41:57.784667 I 21246:67366976 network_module.cpp:37 第1个IP地址为:192.168.1.101
2014-03-07 19:41:57.883758 I 21246:67366976 network_module.cpp:52 启动网络引擎成功，监控地址为127.0.0.1
2014-03-07 19:41:57.937762 I 21246:67366976 network_module.cpp:54 开始载入打孔插件
2014-03-07 19:41:57.951357 I 21246:67366976 network_module.cpp:194 打孔插件加载完毕
2014-03-07 19:41:57.962788 I 21246:67366976 network_module.cpp:63 尝试连接服务器IP地址为115.28.151.38,端口为61111
2014-03-07 19:41:58.985862 I 21246:67366976 network_module.cpp:116 1已经连接
2014-03-07 19:41:59.029580 D 21246:67366976 network_module.cpp:134 接受消息，消息标志为ID_CONNECTION_REQUEST_ACCEPTED
2014-03-07 19:42:00.033702 I 21246:67366976 network_module.cpp:116 1已经连接
2014-03-07 19:42:01.034897 I 21246:67366976 network_module.cpp:116 1已经连接
2014-03-07 19:42:02.035990 I 21246:67366976 network_module.cpp:116 1已经连接
2014-03-07 19:42:03.037650 I 21246:67366976 network_module.cpp:116 1已经连接
2014-03-07 19:42:03.052129 I 21246:67366976 network_module.cpp:207 打孔代理已停止
2014-03-07 19:43:26.318756 I 21252:67366976 network_module.cpp:144 模块名为
2014-03-07 19:43:26.406562 I 21252:67366976 network_module.cpp:145 最大连接数为100
2014-03-07 19:43:26.414178 I 21252:67366976 network_module.cpp:146 最大被连接数为50
2014-03-07 19:43:26.416932 I 21252:67366976 network_module.cpp:147 本地监听端口为60000
2014-03-07 19:43:26.518454 I 21252:67366976 network_module.cpp:32 获取到本机IP数量1个
2014-03-07 19:43:26.531198 I 21252:67366976 network_module.cpp:37 第1个IP地址为:192.168.1.101
2014-03-07 19:43:26.649691 I 21252:67366976 network_module.cpp:52 启动网络引擎成功，监控地址为127.0.0.1
2014-03-07 19:43:26.693457 I 21252:67366976 network_module.cpp:54 开始载入打孔插件
2014-03-07 19:43:26.707394 I 21252:67366976 network_module.cpp:194 打孔插件加载完毕
2014-03-07 19:43:26.718848 I 21252:67366976 network_module.cpp:63 尝试连接服务器IP地址为115.28.151.38,端口为61111
2014-03-07 19:43:27.747404 I 21252:67366976 network_module.cpp:116 1已经连接
2014-03-07 19:43:27.780218 D 21252:67366976 network_module.cpp:134 接受消息，消息标志为ID_CONNECTION_REQUEST_ACCEPTED
2014-03-07 19:43:28.784397 I 21252:67366976 network_module.cpp:116 1已经连接
2014-03-07 19:43:29.785402 I 21252:67366976 network_module.cpp:116 1已经连接
2014-03-07 19:43:30.786437 I 21252:67366976 network_module.cpp:116 1已经连接
2014-03-07 19:43:31.787395 I 21252:67366976 network_module.cpp:116 1已经连接
2014-03-07 19:43:31.808446 I 21252:67366976 network_module.cpp:207 打孔代理已停止
2014-03-07 23:16:01.867831 I 22225:67366976 network_module.cpp:144 模块名为
2014-03-07 23:16:01.948856 I 22225:67366976 network_module.cpp:145 最大连接数为100
2014-03-07 23:16:01.951567 I 22225:67366976 network_module.cpp:146 最大被连接数为50
2014-03-07 23:16:01.954301 I 22225:67366976 network_module.cpp:147 本地监听端口为60000
2014-03-07 23:16:02.049319 I 22225:67366976 network_module.cpp:32 获取到本机IP数量1个
2014-03-07 23:16:02.060536 I 22225:67366976 network_module.cpp:37 第1个IP地址为:192.168.1.101
2014-03-07 23:16:02.164050 I 22225:67366976 network_module.cpp:52 启动网络引擎成功，监控地址为127.0.0.1
2014-03-07 23:16:02.203662 I 22225:67366976 network_module.cpp:54 开始载入打孔插件
2014-03-07 23:16:02.217260 I 22225:67366976 network_module.cpp:194 打孔插件加载完毕
2014-03-07 23:16:02.228666 I 22225:67366976 network_module.cpp:63 尝试连接服务器IP地址为115.28.151.38,端口为61111
2014-03-07 23:16:03.250446 I 22225:67366976 network_module.cpp:116 1已经连接
2014-03-07 23:16:03.285751 D 22225:67366976 network_module.cpp:134 接受消息，消息标志为ID_CONNECTION_REQUEST_ACCEPTED
2014-03-07 23:16:04.296529 I 22225:67366976 network_module.cpp:116 1已经连接
2014-03-07 23:16:05.297653 I 22225:67366976 network_module.cpp:116 1已经连接
2014-03-07 23:16:06.298715 I 22225:67366976 network_module.cpp:116 1已经连接
2014-03-07 23:16:07.301519 I 22225:67366976 network_module.cpp:116 1已经连接
2014-03-07 23:16:07.317801 I 22225:67366976 network_module.cpp:207 打孔代理已停止
2014-03-07 23:17:35.621773 I 22402:67366976 network_module.cpp:144 模块名为
2014-03-07 23:17:35.710276 I 22402:67366976 network_module.cpp:145 最大连接数为100
2014-03-07 23:17:35.718055 I 22402:67366976 network_module.cpp:146 最大被连接数为50
2014-03-07 23:17:35.720781 I 22402:67366976 network_module.cpp:147 本地监听端口为60000
2014-03-07 23:17:35.816076 I 22402:67366976 network_module.cpp:32 获取到本机IP数量1个
2014-03-07 23:17:35.826771 I 22402:67366976 network_module.cpp:37 第1个IP地址为:192.168.1.101
2014-03-07 23:17:35.950275 I 22402:67366976 network_module.cpp:52 启动网络引擎成功，监控地址为127.0.0.1
2014-03-07 23:17:35.995600 I 22402:67366976 network_module.cpp:54 开始载入打孔插件
2014-03-07 23:17:36.014805 I 22402:67366976 network_module.cpp:194 打孔插件加载完毕
2014-03-07 23:17:36.025964 I 22402:67366976 network_module.cpp:63 尝试连接服务器IP地址为115.28.151.38,端口为61111
2014-03-07 23:17:37.059142 I 22402:67366976 network_module.cpp:116 1已经连接
2014-03-07 23:17:37.087324 D 22402:67366976 network_module.cpp:134 接受消息，消息标志为ID_CONNECTION_REQUEST_ACCEPTED
2014-03-07 23:17:38.091537 I 22402:67366976 network_module.cpp:116 1已经连接
2014-03-07 23:17:39.092519 I 22402:67366976 network_module.cpp:116 1已经连接
2014-03-07 23:17:40.093634 I 22402:67366976 network_module.cpp:116 1已经连接
2014-03-07 23:17:41.096766 I 22402:67366976 network_module.cpp:116 1已经连接
2014-03-07 23:17:41.110964 I 22402:67366976 network_module.cpp:207 打孔代理已停止
