2014-03-31 21:13:44.009897 I 8112:723670784 network_module.cpp:147 模块名为
2014-03-31 21:13:44.009944 I 8112:723670784 network_module.cpp:148 最大连接数为10000
2014-03-31 21:13:44.009947 I 8112:723670784 network_module.cpp:149 最大被连接数为10000
2014-03-31 21:13:44.009949 I 8112:723670784 network_module.cpp:150 本地监听端口为61111
2014-03-31 21:13:44.010575 I 8112:723670784 network_module.cpp:42 获取到本机IP数量1个
2014-03-31 21:13:44.010587 I 8112:723670784 network_module.cpp:47 第1个IP地址为:127.0.1.1
2014-03-31 21:13:44.060262 I 8112:723670784 network_module.cpp:62 启动网络引擎成功，监控地址为127.0.0.1
2014-03-31 21:13:44.070398 I 8112:723670784 network_module.cpp:64 开始载入打孔插件
2014-03-31 21:13:44.070407 I 8112:723670784 network_module.cpp:191 打孔插件加载完毕
2014-03-31 21:14:09.072060 I 8112:723670784 network_module.cpp:104 获取到终止信号,开始停止网络引擎
2014-03-31 21:14:09.072079 I 8112:723670784 network_module.cpp:205 打孔代理已停止
2014-03-31 21:16:29.649017 I 8311:1126491904 network_module.cpp:147 模块名为
2014-03-31 21:16:29.649064 I 8311:1126491904 network_module.cpp:148 最大连接数为10000
2014-03-31 21:16:29.649068 I 8311:1126491904 network_module.cpp:149 最大被连接数为10000
2014-03-31 21:16:29.649070 I 8311:1126491904 network_module.cpp:150 本地监听端口为61111
2014-03-31 21:16:29.649660 I 8311:1126491904 network_module.cpp:42 获取到本机IP数量1个
2014-03-31 21:16:29.649673 I 8311:1126491904 network_module.cpp:47 第1个IP地址为:127.0.1.1
2014-03-31 21:16:29.699378 I 8311:1126491904 network_module.cpp:62 启动网络引擎成功，监控地址为127.0.0.1
2014-03-31 21:16:29.709519 I 8311:1126491904 network_module.cpp:64 开始载入打孔插件
2014-03-31 21:16:29.709528 I 8311:1126491904 network_module.cpp:191 打孔插件加载完毕
2014-03-31 21:16:46.710652 I 8311:1126491904 network_module.cpp:104 获取到终止信号,开始停止网络引擎
2014-03-31 21:16:46.710673 I 8311:1126491904 network_module.cpp:205 打孔代理已停止
2014-03-31 21:20:27.360342 I 9603:470849280 network_module.cpp:147 模块名为
2014-03-31 21:20:27.360405 I 9603:470849280 network_module.cpp:148 最大连接数为10000
2014-03-31 21:20:27.360410 I 9603:470849280 network_module.cpp:149 最大被连接数为10000
2014-03-31 21:20:27.360415 I 9603:470849280 network_module.cpp:150 本地监听端口为61111
2014-03-31 21:20:27.361253 I 9603:470849280 network_module.cpp:42 获取到本机IP数量1个
2014-03-31 21:20:27.361269 I 9603:470849280 network_module.cpp:47 第1个IP地址为:127.0.1.1
2014-03-31 21:20:27.422697 I 9603:470849280 network_module.cpp:62 启动网络引擎成功，监控地址为127.0.0.1
2014-03-31 21:20:27.422788 I 9603:470849280 network_module.cpp:64 开始载入打孔插件
2014-03-31 21:20:27.422799 I 9603:470849280 network_module.cpp:191 打孔插件加载完毕
2014-03-31 21:21:45.428242 I 9603:470849280 network_module.cpp:79 出现消息类型为ID_NEW_INCOMING_CONNECTION
2014-03-31 21:22:40.453380 I 9603:470849280 network_module.cpp:79 出现消息类型为ID_CONNECTION_LOST
2014-03-31 21:23:02.454834 I 9603:470849280 network_module.cpp:104 获取到终止信号,开始停止网络引擎
2014-03-31 21:23:02.454853 I 9603:470849280 network_module.cpp:205 打孔代理已停止
